2015-12-11 14:49:53,608 - [INFO] - from play in pool-5-thread-4 
Listening for HTTP on /0:0:0:0:0:0:0:0:9000

2015-12-11 14:50:18,327 - [INFO] - from play in play-internal-execution-context-1 
datasource [jdbc:h2:file:data/db;DB_CLOSE_DELAY=-1] bound to JNDI as DefaultDS

2015-12-11 14:50:18,539 - [INFO] - from play in play-internal-execution-context-1 
database [default] connected at jdbc:h2:file:data/db

2015-12-11 14:50:19,403 - [INFO] - from play in play-internal-execution-context-1 
Application started (Dev)

2015-12-11 14:50:49,322 - [INFO] - from application in play-akka.actor.default-dispatcher-10 
http://localhost:9034/posts/getPersonalPost/7/1

2015-12-11 14:52:27,735 - [INFO] - from application in play-akka.actor.default-dispatcher-19 
http://localhost:9034/posts/getPersonalPost/11/1

2015-12-11 14:52:27,741 - [INFO] - from application in play-akka.actor.default-dispatcher-23 
400

2015-12-11 14:52:36,929 - [INFO] - from application in play-akka.actor.default-dispatcher-24 
http://localhost:9034/posts/search/userId/11/keyword/d

2015-12-11 14:52:36,940 - [INFO] - from application in play-akka.actor.default-dispatcher-25 
400

2015-12-11 14:52:52,388 - [INFO] - from application in play-akka.actor.default-dispatcher-28 
http://localhost:9034/posts/getPersonalPost/11/1

2015-12-11 14:52:59,147 - [INFO] - from application in play-akka.actor.default-dispatcher-32 
http://localhost:9034/posts/getPersonalPost/11

2015-12-11 14:52:59,226 - [INFO] - from application in play-akka.actor.default-dispatcher-30 
http://localhost:9034/posts/getPersonalPost/11/1

2015-12-11 14:53:05,235 - [DEBUG] - from application in play-akka.actor.default-dispatcher-24 
110

2015-12-11 14:53:05,235 - [INFO] - from application in play-akka.actor.default-dispatcher-24 
http://localhost:9034/posts/delete/110

2015-12-11 14:53:05,259 - [INFO] - from application in play-akka.actor.default-dispatcher-24 
http://localhost:9034/posts/getPersonalPost/11/1

2015-12-11 14:53:05,265 - [INFO] - from application in play-akka.actor.default-dispatcher-30 
400

2015-12-11 14:53:26,766 - [INFO] - from application in play-akka.actor.default-dispatcher-24 
http://localhost:9034/posts/getPersonalPost/11/1

2015-12-11 14:53:35,140 - [INFO] - from application in play-akka.actor.default-dispatcher-33 
http://localhost:9034/users/search/userName//id/11/accurate

2015-12-11 14:53:35,169 - [INFO] - from application in play-akka.actor.default-dispatcher-24 
404

2015-12-11 14:53:35,170 - [INFO] - from application in play-akka.actor.default-dispatcher-33 
http://localhost:9034/follow/getFollower/11

2015-12-11 14:53:35,181 - [INFO] - from application in play-akka.actor.default-dispatcher-33 
http://localhost:9034/follow/getTopFollowee

2015-12-11 14:53:41,943 - [INFO] - from application in play-akka.actor.default-dispatcher-33 
http://localhost:9034/users/search/userName/jiakai:zhang/id/11/fuzzy

2015-12-11 14:53:41,969 - [INFO] - from application in play-akka.actor.default-dispatcher-33 
http://localhost:9034/follow/getFollower/11

2015-12-11 14:53:41,975 - [INFO] - from application in play-akka.actor.default-dispatcher-33 
http://localhost:9034/follow/getTopFollowee

2015-12-11 14:53:46,265 - [INFO] - from application in play-akka.actor.default-dispatcher-38 
http://localhost:9034/users/search/userName/jiakai:zhang/id/11/fuzzy

2015-12-11 14:53:46,277 - [INFO] - from application in play-akka.actor.default-dispatcher-38 
http://localhost:9034/follow/getFollower/11

2015-12-11 14:53:46,284 - [INFO] - from application in play-akka.actor.default-dispatcher-38 
http://localhost:9034/follow/getTopFollowee

2015-12-11 14:53:53,682 - [INFO] - from application in play-akka.actor.default-dispatcher-40 
http://localhost:9034/posts/getPublicPost/11/1

2015-12-11 14:54:02,924 - [DEBUG] - from application in play-akka.actor.default-dispatcher-44 
109

2015-12-11 14:54:02,946 - [INFO] - from application in play-akka.actor.default-dispatcher-44 
http://localhost:9034/posts/getPublicPost/11/1

2015-12-11 14:54:18,155 - [DEBUG] - from application in play-akka.actor.default-dispatcher-33 
108

2015-12-11 14:54:18,175 - [INFO] - from application in play-akka.actor.default-dispatcher-46 
http://localhost:9034/posts/getPublicPost/11/1

2015-12-11 14:54:25,659 - [DEBUG] - from application in play-akka.actor.default-dispatcher-47 
108

2015-12-11 14:54:25,678 - [INFO] - from application in play-akka.actor.default-dispatcher-47 
http://localhost:9034/posts/getPublicPost/11/1

2015-12-11 14:54:34,718 - [INFO] - from application in play-akka.actor.default-dispatcher-49 
http://localhost:9034/posts/getPersonalPost/11/1

2015-12-11 14:54:43,720 - [INFO] - from application in play-akka.actor.default-dispatcher-52 
http://localhost:9034/posts/search/userId/11/keyword/happen

2015-12-11 14:54:50,957 - [INFO] - from application in play-akka.actor.default-dispatcher-49 
http://localhost:9034/posts/getTop10Posts/11

2015-12-11 14:55:18,024 - [INFO] - from application in play-akka.actor.default-dispatcher-46 
http://localhost:9034/posts/getPersonalPost/11/1

2015-12-11 14:55:22,682 - [INFO] - from application in play-akka.actor.default-dispatcher-46 
http://localhost:9034/posts/getPublicPost/11/1

2015-12-11 14:55:25,816 - [DEBUG] - from application in play-akka.actor.default-dispatcher-53 
113

2015-12-11 14:55:25,830 - [INFO] - from application in play-akka.actor.default-dispatcher-53 
http://localhost:9034/posts/getPublicPost/11/1

2015-12-11 14:55:29,625 - [INFO] - from application in play-akka.actor.default-dispatcher-61 
http://localhost:9034/posts/getPersonalPost/11/1

2015-12-11 14:55:30,653 - [INFO] - from application in play-akka.actor.default-dispatcher-60 
http://localhost:9034/posts/getTop10Posts/11

2015-12-11 14:55:37,763 - [INFO] - from application in play-akka.actor.default-dispatcher-57 
http://localhost:9034/posts/getPublicPost/11/1

2015-12-11 14:55:45,959 - [INFO] - from application in play-akka.actor.default-dispatcher-63 
http://localhost:9034/users/search/userName//id/11/accurate

2015-12-11 14:55:45,973 - [INFO] - from application in play-akka.actor.default-dispatcher-60 
404

2015-12-11 14:55:45,973 - [INFO] - from application in play-akka.actor.default-dispatcher-63 
http://localhost:9034/follow/getFollower/11

2015-12-11 14:55:45,980 - [INFO] - from application in play-akka.actor.default-dispatcher-63 
http://localhost:9034/follow/getTopFollowee

2015-12-11 14:55:49,233 - [INFO] - from application in play-akka.actor.default-dispatcher-58 
http://localhost:9034/posts/getPersonalPost/11/1

2015-12-11 14:55:55,357 - [INFO] - from application in play-akka.actor.default-dispatcher-65 
http://localhost:9034/posts/getPersonalPost/11/1

2015-12-11 14:55:57,272 - [INFO] - from application in play-akka.actor.default-dispatcher-65 
http://localhost:9034/posts/getPublicPost/11/1

2015-12-11 15:04:47,208 - [INFO] - from application in play-akka.actor.default-dispatcher-58 
http://localhost:9034/posts/getPersonalPost/7/1

2015-12-11 15:05:12,305 - [INFO] - from application in play-akka.actor.default-dispatcher-76 
http://localhost:9034/posts/getPersonalPost/7/1

2015-12-11 15:06:25,153 - [INFO] - from application in play-akka.actor.default-dispatcher-76 
http://localhost:9034/posts/getPublicPost/7/1

2015-12-11 15:07:07,861 - [INFO] - from application in play-akka.actor.default-dispatcher-85 
http://localhost:9034/users/search/userName//id/7/accurate

2015-12-11 15:07:07,870 - [INFO] - from application in play-akka.actor.default-dispatcher-81 
404

2015-12-11 15:07:07,871 - [INFO] - from application in play-akka.actor.default-dispatcher-85 
http://localhost:9034/follow/getFollower/7

2015-12-11 15:07:07,885 - [INFO] - from application in play-akka.actor.default-dispatcher-85 
http://localhost:9034/follow/getTopFollowee

2015-12-11 15:07:17,712 - [INFO] - from application in play-akka.actor.default-dispatcher-81 
http://localhost:9034/users/search/userName/jiakai:zhang/id/7/fuzzy

2015-12-11 15:07:17,724 - [INFO] - from application in play-akka.actor.default-dispatcher-81 
http://localhost:9034/follow/getFollower/7

2015-12-11 15:07:17,736 - [INFO] - from application in play-akka.actor.default-dispatcher-81 
http://localhost:9034/follow/getTopFollowee

2015-12-11 15:08:25,100 - [INFO] - from application in play-akka.actor.default-dispatcher-90 
http://localhost:9034/users/search/userName/lifei:chen/id/7/fuzzy

2015-12-11 15:08:25,116 - [INFO] - from application in play-akka.actor.default-dispatcher-90 
http://localhost:9034/follow/getFollower/7

2015-12-11 15:08:25,129 - [INFO] - from application in play-akka.actor.default-dispatcher-90 
http://localhost:9034/follow/getTopFollowee

2015-12-11 15:08:32,543 - [INFO] - from application in play-akka.actor.default-dispatcher-101 
http://localhost:9034/users/search/userName/jiakai:zhang/id/7/fuzzy

2015-12-11 15:08:32,554 - [INFO] - from application in play-akka.actor.default-dispatcher-101 
http://localhost:9034/follow/getFollower/7

2015-12-11 15:08:32,567 - [INFO] - from application in play-akka.actor.default-dispatcher-101 
http://localhost:9034/follow/getTopFollowee

2015-12-11 15:08:41,996 - [INFO] - from application in play-akka.actor.default-dispatcher-104 
http://localhost:9034/follow/delete/11

2015-12-11 15:08:42,018 - [INFO] - from application in play-akka.actor.default-dispatcher-98 
http://localhost:9034/users/search/userName/jiakai:zhang/id/7/fuzzy

2015-12-11 15:08:42,027 - [INFO] - from application in play-akka.actor.default-dispatcher-98 
http://localhost:9034/follow/getFollower/7

2015-12-11 15:08:42,037 - [INFO] - from application in play-akka.actor.default-dispatcher-98 
http://localhost:9034/follow/getTopFollowee

2015-12-11 15:08:49,865 - [INFO] - from application in play-akka.actor.default-dispatcher-100 
http://localhost:9034/users/search/userName/jiakai:zhang/id/7/fuzzy

2015-12-11 15:08:49,876 - [INFO] - from application in play-akka.actor.default-dispatcher-100 
http://localhost:9034/follow/getFollower/7

2015-12-11 15:08:49,888 - [INFO] - from application in play-akka.actor.default-dispatcher-100 
http://localhost:9034/follow/getTopFollowee

2015-12-11 15:09:47,595 - [INFO] - from application in play-akka.actor.default-dispatcher-99 
http://localhost:9034/posts/getPublicPost/7/1

2015-12-11 15:10:29,888 - [INFO] - from application in play-akka.actor.default-dispatcher-99 
http://localhost:9034/posts/getPublicPost/7/2

2015-12-11 15:10:42,963 - [INFO] - from application in play-akka.actor.default-dispatcher-119 
http://localhost:9034/posts/getPublicPost/7/1

2015-12-11 15:10:48,189 - [INFO] - from application in play-akka.actor.default-dispatcher-117 
http://localhost:9034/posts/getPublicPost/7/1

2015-12-11 15:11:16,815 - [DEBUG] - from application in play-akka.actor.default-dispatcher-125 
107

2015-12-11 15:11:16,837 - [INFO] - from application in play-akka.actor.default-dispatcher-124 
http://localhost:9034/posts/getPublicPost/7/1

2015-12-11 15:11:37,346 - [DEBUG] - from application in play-akka.actor.default-dispatcher-122 
107

2015-12-11 15:11:37,362 - [INFO] - from application in play-akka.actor.default-dispatcher-122 
http://localhost:9034/posts/getPublicPost/7/1

2015-12-11 15:12:07,176 - [INFO] - from application in play-akka.actor.default-dispatcher-131 
http://localhost:9034/users/search/userName//id/7/accurate

2015-12-11 15:12:07,183 - [INFO] - from application in play-akka.actor.default-dispatcher-125 
404

2015-12-11 15:12:07,183 - [INFO] - from application in play-akka.actor.default-dispatcher-131 
http://localhost:9034/follow/getFollower/7

2015-12-11 15:12:07,209 - [INFO] - from application in play-akka.actor.default-dispatcher-131 
http://localhost:9034/follow/getTopFollowee

2015-12-11 15:12:54,384 - [INFO] - from application in play-akka.actor.default-dispatcher-131 
http://localhost:9034/posts/getPublicPost/7/1

2015-12-11 15:15:32,451 - [DEBUG] - from application in play-akka.actor.default-dispatcher-140 
115

2015-12-11 15:15:32,466 - [INFO] - from application in play-akka.actor.default-dispatcher-140 
http://localhost:9034/posts/getPublicPost/7/1

2015-12-11 15:16:34,597 - [INFO] - from application in play-akka.actor.default-dispatcher-146 
http://localhost:9034/posts/getPersonalPost/7/1

2015-12-11 15:16:35,963 - [INFO] - from application in play-akka.actor.default-dispatcher-154 
http://localhost:9034/posts/getTop10Posts/7

2015-12-11 15:19:07,947 - [INFO] - from application in play-akka.actor.default-dispatcher-154 
http://localhost:9034/posts/getPublicPost/7/1

2015-12-11 15:19:10,659 - [INFO] - from application in play-akka.actor.default-dispatcher-158 
http://localhost:9034/posts/getPersonalPost/7/1

2015-12-11 15:24:36,513 - [INFO] - from application in play-akka.actor.default-dispatcher-159 
http://localhost:9034/posts/getPersonalPost/7/1

2015-12-11 15:25:04,222 - [INFO] - from play in play-internal-execution-context-1 
datasource [jdbc:h2:file:data/db;DB_CLOSE_DELAY=-1] bound to JNDI as DefaultDS

2015-12-11 15:25:04,224 - [INFO] - from play in play-internal-execution-context-1 
database [default] connected at jdbc:h2:file:data/db

2015-12-11 15:25:04,310 - [INFO] - from play in play-internal-execution-context-1 
Application started (Dev)

2015-12-11 15:25:04,315 - [INFO] - from application in play-akka.actor.default-dispatcher-164 
http://localhost:9034/posts/getPersonalPost/7/1

2015-12-11 15:25:11,058 - [INFO] - from application in play-akka.actor.default-dispatcher-171 
http://localhost:9034/posts/getPublicPost/7/1

2015-12-11 15:35:25,762 - [INFO] - from application in play-akka.actor.default-dispatcher-159 
http://localhost:9034/posts/getPublicPost/7/1

2015-12-11 15:35:30,189 - [INFO] - from application in play-akka.actor.default-dispatcher-183 
http://localhost:9034/posts/getPublicPost/7/1

2015-12-11 15:35:45,581 - [INFO] - from play in play-internal-execution-context-1 
datasource [jdbc:h2:file:data/db;DB_CLOSE_DELAY=-1] bound to JNDI as DefaultDS

2015-12-11 15:35:45,582 - [INFO] - from play in play-internal-execution-context-1 
database [default] connected at jdbc:h2:file:data/db

2015-12-11 15:35:45,728 - [INFO] - from play in play-internal-execution-context-1 
Application started (Dev)

2015-12-11 15:35:45,735 - [INFO] - from application in play-akka.actor.default-dispatcher-181 
http://localhost:9034/posts/getPublicPost/7/1

2015-12-11 15:36:31,627 - [INFO] - from application in play-akka.actor.default-dispatcher-185 
http://localhost:9034/posts/getPublicPost/7/1

2015-12-11 15:36:58,704 - [INFO] - from application in play-akka.actor.default-dispatcher-191 
http://localhost:9034/posts/getPersonalPost/7/1

2015-12-11 15:37:21,656 - [INFO] - from application in play-akka.actor.default-dispatcher-194 
http://localhost:9034/users/search/userName//id/7/accurate

2015-12-11 15:37:21,662 - [INFO] - from application in play-akka.actor.default-dispatcher-190 
404

2015-12-11 15:37:21,663 - [INFO] - from application in play-akka.actor.default-dispatcher-194 
http://localhost:9034/follow/getFollower/7

2015-12-11 15:37:21,676 - [INFO] - from application in play-akka.actor.default-dispatcher-194 
http://localhost:9034/follow/getTopFollowee

2015-12-11 15:37:22,529 - [INFO] - from application in play-akka.actor.default-dispatcher-198 
http://localhost:9034/posts/getPersonalPost/7/1

2015-12-11 15:37:23,186 - [INFO] - from application in play-akka.actor.default-dispatcher-200 
http://localhost:9034/posts/getPublicPost/7/1

2015-12-11 15:37:24,219 - [INFO] - from application in play-akka.actor.default-dispatcher-200 
http://localhost:9034/posts/getPersonalPost/7/1

2015-12-11 15:37:36,057 - [INFO] - from application in play-akka.actor.default-dispatcher-194 
http://localhost:9034/posts/getPersonalPost/7/1

2015-12-11 15:42:47,078 - [INFO] - from play in play-internal-execution-context-1 
datasource [jdbc:h2:file:data/db;DB_CLOSE_DELAY=-1] bound to JNDI as DefaultDS

2015-12-11 15:42:47,080 - [INFO] - from play in play-internal-execution-context-1 
database [default] connected at jdbc:h2:file:data/db

2015-12-11 15:42:47,212 - [INFO] - from play in play-internal-execution-context-1 
Application started (Dev)

2015-12-11 15:42:47,220 - [INFO] - from application in play-akka.actor.default-dispatcher-185 
http://localhost:9034/posts/getPersonalPost/7/1

2015-12-11 15:43:53,025 - [INFO] - from application in play-akka.actor.default-dispatcher-210 
http://localhost:9034/posts/getPersonalPost/7/1

2015-12-11 15:45:13,494 - [INFO] - from application in play-akka.actor.default-dispatcher-210 
http://localhost:9034/posts/getPersonalPost/7/1

2015-12-11 15:46:48,677 - [INFO] - from application in play-akka.actor.default-dispatcher-218 
http://localhost:9034/posts/getPersonalPost/7/1

2015-12-11 15:47:51,114 - [INFO] - from application in play-akka.actor.default-dispatcher-229 
http://localhost:9034/posts/getPersonalPost/7/1

2015-12-11 15:48:23,284 - [INFO] - from application in play-akka.actor.default-dispatcher-229 
http://localhost:9034/posts/getPersonalPost/7/1

2015-12-11 15:48:51,162 - [INFO] - from application in play-akka.actor.default-dispatcher-240 
http://localhost:9034/posts/getPublicPost/7/1

2015-12-11 15:48:52,390 - [INFO] - from application in play-akka.actor.default-dispatcher-246 
http://localhost:9034/posts/getPersonalPost/7/1

2015-12-11 15:48:53,240 - [INFO] - from application in play-akka.actor.default-dispatcher-247 
http://localhost:9034/users/search/userName//id/7/accurate

2015-12-11 15:48:53,247 - [INFO] - from application in play-akka.actor.default-dispatcher-244 
404

2015-12-11 15:48:53,248 - [INFO] - from application in play-akka.actor.default-dispatcher-247 
http://localhost:9034/follow/getFollower/7

2015-12-11 15:48:53,262 - [INFO] - from application in play-akka.actor.default-dispatcher-247 
http://localhost:9034/follow/getTopFollowee

2015-12-11 15:48:54,919 - [INFO] - from application in play-akka.actor.default-dispatcher-243 
http://localhost:9034/posts/getPublicPost/7/1

2015-12-11 15:48:57,035 - [INFO] - from application in play-akka.actor.default-dispatcher-246 
http://localhost:9034/posts/getPersonalPost/7/1

2015-12-11 15:48:58,206 - [INFO] - from application in play-akka.actor.default-dispatcher-241 
http://localhost:9034/posts/getTop10Posts/7

2015-12-11 15:50:08,350 - [INFO] - from application in play-akka.actor.default-dispatcher-246 
http://localhost:9034/posts/getPersonalPost/7/1

2015-12-11 15:50:53,372 - [INFO] - from application in play-akka.actor.default-dispatcher-253 
http://localhost:9034/posts/getPersonalPost/7/1

2015-12-11 15:51:17,650 - [INFO] - from application in play-akka.actor.default-dispatcher-256 
http://localhost:9034/posts/getPersonalPost/7/1

2015-12-11 15:51:22,046 - [INFO] - from application in play-akka.actor.default-dispatcher-261 
http://localhost:9034/users/search/userName//id/7/accurate

2015-12-11 15:51:22,052 - [INFO] - from application in play-akka.actor.default-dispatcher-253 
404

2015-12-11 15:51:22,052 - [INFO] - from application in play-akka.actor.default-dispatcher-261 
http://localhost:9034/follow/getFollower/7

2015-12-11 15:51:22,066 - [INFO] - from application in play-akka.actor.default-dispatcher-261 
http://localhost:9034/follow/getTopFollowee

2015-12-11 15:51:22,822 - [INFO] - from application in play-akka.actor.default-dispatcher-251 
http://localhost:9034/posts/getPublicPost/7/1

2015-12-11 15:51:30,112 - [INFO] - from application in play-akka.actor.default-dispatcher-255 
http://localhost:9034/posts/getPersonalPost/7/1

2015-12-11 15:51:31,186 - [INFO] - from application in play-akka.actor.default-dispatcher-263 
http://localhost:9034/posts/getPublicPost/7/1

